

Started GET "/pages/contact" for 127.0.0.1 at Wed Aug 25 20:41:35 +0100 2010

ActionController::RoutingError (No route matches "/pages/contact"):
  

Rendered /usr/lib/ruby/gems/1.8/gems/actionpack-3.0.0.rc2/lib/action_dispatch/middleware/templates/rescues/routing_error.erb within rescues/layout (0.8ms)


Started GET "/pages/contact.html" for 127.0.0.1 at Wed Aug 25 20:41:41 +0100 2010

ActionController::RoutingError (No route matches "/pages/contact.html"):
  

Rendered /usr/lib/ruby/gems/1.8/gems/actionpack-3.0.0.rc2/lib/action_dispatch/middleware/templates/rescues/routing_error.erb within rescues/layout (0.9ms)


Started GET "/pages/contact.html" for 127.0.0.1 at Wed Aug 25 20:49:52 +0100 2010

ActionController::RoutingError (No route matches "/pages/contact.html"):
  

Rendered /usr/lib/ruby/gems/1.8/gems/actionpack-3.0.0.rc2/lib/action_dispatch/middleware/templates/rescues/routing_error.erb within rescues/layout (0.8ms)


Started GET "/pages/contact.html" for 127.0.0.1 at Wed Aug 25 20:49:55 +0100 2010

ActionController::RoutingError (No route matches "/pages/contact.html"):
  

Rendered /usr/lib/ruby/gems/1.8/gems/actionpack-3.0.0.rc2/lib/action_dispatch/middleware/templates/rescues/routing_error.erb within rescues/layout (0.8ms)


Started GET "/pages/contact" for 127.0.0.1 at Wed Aug 25 20:49:59 +0100 2010
  Processing by PagesController#contact as HTML
Rendered pages/contact.html.erb within layouts/application (3.3ms)
Completed 200 OK in 8ms (Views: 7.7ms | ActiveRecord: 0.0ms)


Started GET "/pages/contact" for 127.0.0.1 at Wed Aug 25 20:50:02 +0100 2010
  Processing by PagesController#contact as HTML
Rendered pages/contact.html.erb within layouts/application (3.0ms)
Completed 200 OK in 7ms (Views: 6.6ms | ActiveRecord: 0.0ms)


Started GET "/pages/contact" for 127.0.0.1 at Wed Aug 25 20:50:04 +0100 2010
  Processing by PagesController#contact as HTML
Rendered pages/contact.html.erb within layouts/application (3.7ms)
Completed 200 OK in 8ms (Views: 7.5ms | ActiveRecord: 0.0ms)


Started GET "/pages/lins" for 127.0.0.1 at Wed Aug 25 20:50:12 +0100 2010

ActionController::RoutingError (No route matches "/pages/lins"):
  

Rendered /usr/lib/ruby/gems/1.8/gems/actionpack-3.0.0.rc2/lib/action_dispatch/middleware/templates/rescues/routing_error.erb within rescues/layout (0.8ms)


Started GET "/pages/contact" for 127.0.0.1 at Wed Aug 25 20:50:27 +0100 2010
  Processing by PagesController#contact as HTML
Rendered pages/contact.html.erb within layouts/application (2.0ms)
Completed 200 OK in 6ms (Views: 5.6ms | ActiveRecord: 0.0ms)


Started GET "/pages/contact" for 127.0.0.1 at Wed Aug 25 20:51:57 +0100 2010
  Processing by PagesController#contact as HTML
Rendered pages/contact.html.erb within layouts/application (2.0ms)
Completed 200 OK in 6ms (Views: 5.5ms | ActiveRecord: 0.0ms)


Started GET "/pages/contact" for 127.0.0.1 at Wed Aug 25 20:52:59 +0100 2010
  Processing by PagesController#contact as HTML
Rendered pages/contact.html.erb within layouts/application (2.0ms)
Completed 200 OK in 7ms (Views: 6.0ms | ActiveRecord: 0.0ms)


Started GET "/pages/contact" for 127.0.0.1 at Wed Aug 25 20:53:02 +0100 2010
  Processing by PagesController#contact as HTML
Rendered pages/contact.html.erb within layouts/application (2.2ms)
Completed 200 OK in 7ms (Views: 6.1ms | ActiveRecord: 0.0ms)


Started GET "/pages/contact" for 127.0.0.1 at Wed Aug 25 21:03:04 +0100 2010
  Processing by PagesController#contact as HTML
Rendered pages/contact.html.erb within layouts/application (2.1ms)
Completed 200 OK in 53ms (Views: 52.0ms | ActiveRecord: 0.0ms)


Started GET "/pages/contact" for 127.0.0.1 at Wed Aug 25 21:06:13 +0100 2010
  Processing by PagesController#contact as HTML
Rendered pages/contact.html.erb within layouts/application (53.3ms)
Completed 200 OK in 63ms (Views: 60.8ms | ActiveRecord: 0.0ms)


Started GET "/pages/contact" for 127.0.0.1 at Wed Aug 25 21:06:14 +0100 2010
  Processing by PagesController#contact as HTML
Rendered pages/contact.html.erb within layouts/application (2.2ms)
Completed 200 OK in 8ms (Views: 6.9ms | ActiveRecord: 0.0ms)


Started GET "/pages/contact" for 127.0.0.1 at Wed Aug 25 21:06:14 +0100 2010
  Processing by PagesController#contact as HTML
Rendered pages/contact.html.erb within layouts/application (2.0ms)
Completed 200 OK in 7ms (Views: 5.8ms | ActiveRecord: 0.0ms)


Started GET "/pages/index" for 127.0.0.1 at Wed Aug 25 21:06:19 +0100 2010

ActionController::RoutingError (No route matches "/pages/index"):
  

Rendered /usr/lib/ruby/gems/1.8/gems/actionpack-3.0.0.rc2/lib/action_dispatch/middleware/templates/rescues/routing_error.erb within rescues/layout (0.7ms)


Started GET "/pages/index" for 127.0.0.1 at Wed Aug 25 21:07:02 +0100 2010

ActionController::RoutingError (No route matches "/pages/index"):
  

Rendered /usr/lib/ruby/gems/1.8/gems/actionpack-3.0.0.rc2/lib/action_dispatch/middleware/templates/rescues/routing_error.erb within rescues/layout (0.7ms)


Started GET "/pages/index" for 127.0.0.1 at Wed Aug 25 21:07:03 +0100 2010

ActionController::RoutingError (No route matches "/pages/index"):
  

Rendered /usr/lib/ruby/gems/1.8/gems/actionpack-3.0.0.rc2/lib/action_dispatch/middleware/templates/rescues/routing_error.erb within rescues/layout (0.7ms)


Started GET "/pages/index" for 127.0.0.1 at Wed Aug 25 21:07:03 +0100 2010

ActionController::RoutingError (No route matches "/pages/index"):
  

Rendered /usr/lib/ruby/gems/1.8/gems/actionpack-3.0.0.rc2/lib/action_dispatch/middleware/templates/rescues/routing_error.erb within rescues/layout (0.7ms)


Started GET "/pages/index" for 127.0.0.1 at Wed Aug 25 21:07:03 +0100 2010

ActionController::RoutingError (No route matches "/pages/index"):
  

Rendered /usr/lib/ruby/gems/1.8/gems/actionpack-3.0.0.rc2/lib/action_dispatch/middleware/templates/rescues/routing_error.erb within rescues/layout (0.7ms)


Started GET "/pages/index" for 127.0.0.1 at Wed Aug 25 21:07:04 +0100 2010

ActionController::RoutingError (No route matches "/pages/index"):
  

Rendered /usr/lib/ruby/gems/1.8/gems/actionpack-3.0.0.rc2/lib/action_dispatch/middleware/templates/rescues/routing_error.erb within rescues/layout (0.8ms)


Started GET "/pages/index" for 127.0.0.1 at Wed Aug 25 21:07:04 +0100 2010

ActionController::RoutingError (No route matches "/pages/index"):
  

Rendered /usr/lib/ruby/gems/1.8/gems/actionpack-3.0.0.rc2/lib/action_dispatch/middleware/templates/rescues/routing_error.erb within rescues/layout (0.8ms)


Started GET "/pages/index" for 127.0.0.1 at Wed Aug 25 21:07:04 +0100 2010

ActionController::RoutingError (No route matches "/pages/index"):
  

Rendered /usr/lib/ruby/gems/1.8/gems/actionpack-3.0.0.rc2/lib/action_dispatch/middleware/templates/rescues/routing_error.erb within rescues/layout (0.7ms)


Started GET "/pages/index" for 127.0.0.1 at Wed Aug 25 21:07:04 +0100 2010

ActionController::RoutingError (No route matches "/pages/index"):
  

Rendered /usr/lib/ruby/gems/1.8/gems/actionpack-3.0.0.rc2/lib/action_dispatch/middleware/templates/rescues/routing_error.erb within rescues/layout (0.8ms)


Started GET "/pages/index" for 127.0.0.1 at Wed Aug 25 21:07:30 +0100 2010
  Processing by PagesController#index as HTML
Rendered pages/index.html.erb within layouts/application (2.1ms)
Completed 200 OK in 7ms (Views: 6.5ms | ActiveRecord: 0.0ms)


Started GET "/pages/index" for 127.0.0.1 at Wed Aug 25 21:07:31 +0100 2010
  Processing by PagesController#index as HTML
Rendered pages/index.html.erb within layouts/application (2.0ms)
Completed 200 OK in 6ms (Views: 5.5ms | ActiveRecord: 0.0ms)


Started GET "/pages/index" for 127.0.0.1 at Wed Aug 25 21:27:09 +0100 2010
  Processing by PagesController#index as HTML
Rendered pages/index.html.erb within layouts/application (2.0ms)
Completed 200 OK in 6ms (Views: 5.9ms | ActiveRecord: 0.0ms)


Started GET "/pages/index" for 127.0.0.1 at Wed Aug 25 21:28:29 +0100 2010
  Processing by PagesController#index as HTML
Rendered pages/index.html.erb within layouts/application (2.1ms)
Completed 200 OK in 6ms (Views: 5.6ms | ActiveRecord: 0.0ms)


Started GET "/pages/index" for 127.0.0.1 at Wed Aug 25 21:30:01 +0100 2010
  Processing by PagesController#index as HTML
Rendered pages/index.html.erb within layouts/application (9.2ms)
Completed   in 13ms

ActionView::Template::Error (undefined method `render_partial' for #<#<Class:0x7fc5df8e5970>:0x7fc5df8e3c88>):
    12: 
    13:     <nav>
    14:       <div id="nav">
    15:         <% render_partial(:nav) %>
    16:       </div>
    17:     </nav>
    18:       
  app/views/layouts/application.html.erb:15:in `_app_views_layouts_application_html_erb__1257955135_70243917957200_0'

Rendered /usr/lib/ruby/gems/1.8/gems/actionpack-3.0.0.rc2/lib/action_dispatch/middleware/templates/rescues/_trace.erb (1.1ms)
Rendered /usr/lib/ruby/gems/1.8/gems/actionpack-3.0.0.rc2/lib/action_dispatch/middleware/templates/rescues/_request_and_response.erb (4.5ms)
Rendered /usr/lib/ruby/gems/1.8/gems/actionpack-3.0.0.rc2/lib/action_dispatch/middleware/templates/rescues/template_error.erb within rescues/layout (9.5ms)


Started GET "/pages/index" for 127.0.0.1 at Wed Aug 25 21:31:20 +0100 2010
  Processing by PagesController#index as HTML
Rendered pages/index.html.erb within layouts/application (2.2ms)
Completed 200 OK in 7ms (Views: 6.1ms | ActiveRecord: 0.0ms)


Started GET "/pages/index" for 127.0.0.1 at Wed Aug 25 21:31:40 +0100 2010
  Processing by PagesController#index as HTML
Rendered pages/index.html.erb within layouts/application (7.2ms)
Completed   in 12ms

ActionView::Template::Error (undefined local variable or method `env' for #<#<Class:0x7fc5df8c70d8>:0x7fc5df8c5058>):
    12: 
    13:     <nav>
    14:       <div id="nav">
    15:         <%= env %>
    16:       </div>
    17:     </nav>
    18:       
  app/views/layouts/application.html.erb:15:in `_app_views_layouts_application_html_erb__1257955135_70243917894320_0'

Rendered /usr/lib/ruby/gems/1.8/gems/actionpack-3.0.0.rc2/lib/action_dispatch/middleware/templates/rescues/_trace.erb (1.1ms)
Rendered /usr/lib/ruby/gems/1.8/gems/actionpack-3.0.0.rc2/lib/action_dispatch/middleware/templates/rescues/_request_and_response.erb (4.5ms)
Rendered /usr/lib/ruby/gems/1.8/gems/actionpack-3.0.0.rc2/lib/action_dispatch/middleware/templates/rescues/template_error.erb within rescues/layout (9.2ms)


Started GET "/pages/index" for 127.0.0.1 at Wed Aug 25 21:32:47 +0100 2010
  Processing by PagesController#index as HTML
Rendered pages/index.html.erb within layouts/application (49.1ms)
Completed 200 OK in 53ms (Views: 52.6ms | ActiveRecord: 0.0ms)


Started GET "/pages/index" for 127.0.0.1 at Wed Aug 25 21:34:19 +0100 2010
  Processing by PagesController#index as HTML
Rendered pages/index.html.erb within layouts/application (7.3ms)
Completed   in 12ms

ActionView::Template::Error (undefined local variable or method `page' for #<#<Class:0x7fc5df8e9a48>:0x7fc5df8e7e28>):
    12: 
    13:     <nav>
    14:       <div id="nav">
    15:         <%= page  %>
    16:       </div>
    17:     </nav>
    18:       
  app/views/layouts/application.html.erb:15:in `_app_views_layouts_application_html_erb__1257955135_70243917965320_0'

Rendered /usr/lib/ruby/gems/1.8/gems/actionpack-3.0.0.rc2/lib/action_dispatch/middleware/templates/rescues/_trace.erb (1.1ms)
Rendered /usr/lib/ruby/gems/1.8/gems/actionpack-3.0.0.rc2/lib/action_dispatch/middleware/templates/rescues/_request_and_response.erb (4.5ms)
Rendered /usr/lib/ruby/gems/1.8/gems/actionpack-3.0.0.rc2/lib/action_dispatch/middleware/templates/rescues/template_error.erb within rescues/layout (9.8ms)


Started GET "/pages/index" for 127.0.0.1 at Wed Aug 25 21:38:51 +0100 2010
  Processing by PagesController#index as HTML
Rendered pages/index.html.erb within layouts/application (2.1ms)
Completed 200 OK in 6ms (Views: 5.5ms | ActiveRecord: 0.0ms)


Started GET "/pages/index" for 127.0.0.1 at Wed Aug 25 21:39:15 +0100 2010
  Processing by PagesController#index as HTML
Rendered pages/index.html.erb within layouts/application (7.1ms)
Completed   in 11ms

ActionView::Template::Error (undefined method `index_path' for #<#<Class:0x7fc5df9128d0>:0x7fc5df910d28>):
    13:     <nav>
    14:       <div id="nav">
    15:         <ul id="<%=@tab_highlight%>">
    16:           <li><%= link_to :home, :index %></li>
    17:         </ul>
    18:       </div>
    19:     </nav>
  app/views/layouts/application.html.erb:16:in `_app_views_layouts_application_html_erb__1257955135_70243918049460_0'

Rendered /usr/lib/ruby/gems/1.8/gems/actionpack-3.0.0.rc2/lib/action_dispatch/middleware/templates/rescues/_trace.erb (1.1ms)
Rendered /usr/lib/ruby/gems/1.8/gems/actionpack-3.0.0.rc2/lib/action_dispatch/middleware/templates/rescues/_request_and_response.erb (4.5ms)
Rendered /usr/lib/ruby/gems/1.8/gems/actionpack-3.0.0.rc2/lib/action_dispatch/middleware/templates/rescues/template_error.erb within rescues/layout (9.2ms)


Started GET "/pages/index" for 127.0.0.1 at Wed Aug 25 21:39:22 +0100 2010
  Processing by PagesController#index as HTML
Rendered pages/index.html.erb within layouts/application (6.8ms)
Completed   in 11ms

ActionView::Template::Error (undefined local variable or method `home' for #<#<Class:0x7fc5df7957c8>:0x7fc5df793c48>):
    13:     <nav>
    14:       <div id="nav">
    15:         <ul id="<%=@tab_highlight%>">
    16:           <li><%= link_to home, :index %></li>
    17:         </ul>
    18:       </div>
    19:     </nav>
  app/views/layouts/application.html.erb:16:in `_app_views_layouts_application_html_erb__1257955135_70243917269060_0'

Rendered /usr/lib/ruby/gems/1.8/gems/actionpack-3.0.0.rc2/lib/action_dispatch/middleware/templates/rescues/_trace.erb (1.1ms)
Rendered /usr/lib/ruby/gems/1.8/gems/actionpack-3.0.0.rc2/lib/action_dispatch/middleware/templates/rescues/_request_and_response.erb (4.7ms)
Rendered /usr/lib/ruby/gems/1.8/gems/actionpack-3.0.0.rc2/lib/action_dispatch/middleware/templates/rescues/template_error.erb within rescues/layout (9.6ms)


Started GET "/pages/index" for 127.0.0.1 at Wed Aug 25 21:39:30 +0100 2010
  Processing by PagesController#index as HTML
Rendered pages/index.html.erb within layouts/application (7.1ms)
Completed   in 11ms

ActionView::Template::Error (undefined method `index_path' for #<#<Class:0x7fc5df8de648>:0x7fc5df8dcac8>):
    13:     <nav>
    14:       <div id="nav">
    15:         <ul id="<%=@tab_highlight%>">
    16:           <li><%= link_to "home", :index %></li>
    17:         </ul>
    18:       </div>
    19:     </nav>
  app/views/layouts/application.html.erb:16:in `_app_views_layouts_application_html_erb__1257955135_70243917942680_0'

Rendered /usr/lib/ruby/gems/1.8/gems/actionpack-3.0.0.rc2/lib/action_dispatch/middleware/templates/rescues/_trace.erb (1.1ms)
Rendered /usr/lib/ruby/gems/1.8/gems/actionpack-3.0.0.rc2/lib/action_dispatch/middleware/templates/rescues/_request_and_response.erb (4.4ms)
Rendered /usr/lib/ruby/gems/1.8/gems/actionpack-3.0.0.rc2/lib/action_dispatch/middleware/templates/rescues/template_error.erb within rescues/layout (9.2ms)


Started GET "/pages/index" for 127.0.0.1 at Wed Aug 25 21:39:37 +0100 2010
  Processing by PagesController#index as HTML
Rendered pages/index.html.erb within layouts/application (6.7ms)
Completed   in 11ms

ActionView::Template::Error (undefined local variable or method `index' for #<#<Class:0x7fc5df766d60>:0x7fc5df764f60>):
    13:     <nav>
    14:       <div id="nav">
    15:         <ul id="<%=@tab_highlight%>">
    16:           <li><%= link_to "home", index %></li>
    17:         </ul>
    18:       </div>
    19:     </nav>
  app/views/layouts/application.html.erb:16:in `_app_views_layouts_application_html_erb__1257955135_70243917171400_0'

Rendered /usr/lib/ruby/gems/1.8/gems/actionpack-3.0.0.rc2/lib/action_dispatch/middleware/templates/rescues/_trace.erb (1.0ms)
Rendered /usr/lib/ruby/gems/1.8/gems/actionpack-3.0.0.rc2/lib/action_dispatch/middleware/templates/rescues/_request_and_response.erb (4.3ms)
Rendered /usr/lib/ruby/gems/1.8/gems/actionpack-3.0.0.rc2/lib/action_dispatch/middleware/templates/rescues/template_error.erb within rescues/layout (8.9ms)


Started GET "/pages/index" for 127.0.0.1 at Wed Aug 25 21:39:45 +0100 2010
  Processing by PagesController#index as HTML
Rendered pages/index.html.erb within layouts/application (2.2ms)
Completed 200 OK in 7ms (Views: 6.2ms | ActiveRecord: 0.0ms)


Started GET "/pages/index" for 127.0.0.1 at Wed Aug 25 21:39:48 +0100 2010
  Processing by PagesController#index as HTML
Rendered pages/index.html.erb within layouts/application (2.1ms)
Completed 200 OK in 6ms (Views: 5.6ms | ActiveRecord: 0.0ms)


Started GET "/pages/index" for 127.0.0.1 at Wed Aug 25 21:42:02 +0100 2010
  Processing by PagesController#index as HTML
Rendered pages/index.html.erb within layouts/application (2.5ms)
Completed 200 OK in 7ms (Views: 6.3ms | ActiveRecord: 0.0ms)


Started GET "/pages/gallery" for 127.0.0.1 at Wed Aug 25 21:42:07 +0100 2010
  Processing by PagesController#gallery as HTML
Completed   in 3ms

ActionView::MissingTemplate (Missing template pages/gallery with {:handlers=>[:rjs, :erb, :rhtml, :rxml, :builder], :formats=>[:html], :locale=>[:en, :en]} in view paths "/home/randerson/code/beatricecurnew/app/views"):
  

Rendered /usr/lib/ruby/gems/1.8/gems/actionpack-3.0.0.rc2/lib/action_dispatch/middleware/templates/rescues/missing_template.erb within rescues/layout (0.6ms)


Started GET "/pages/gallery" for 127.0.0.1 at Wed Aug 25 21:42:29 +0100 2010
  Processing by PagesController#gallery as HTML
Rendered pages/gallery.html.erb within layouts/application (3.3ms)
Completed 200 OK in 7ms (Views: 6.9ms | ActiveRecord: 0.0ms)


Started GET "/pages/news" for 127.0.0.1 at Wed Aug 25 21:50:15 +0100 2010
  Processing by PagesController#news as HTML
Rendered pages/news.html.erb within layouts/application (3.4ms)
Completed 200 OK in 8ms (Views: 7.1ms | ActiveRecord: 0.0ms)


Started GET "/pages/news" for 127.0.0.1 at Wed Aug 25 21:52:09 +0100 2010
  Processing by PagesController#news as HTML
Rendered pages/news.html.erb within layouts/application (2.4ms)
Completed 200 OK in 7ms (Views: 6.3ms | ActiveRecord: 0.0ms)


Started GET "/pages/contact" for 127.0.0.1 at Wed Aug 25 21:52:10 +0100 2010
  Processing by PagesController#contact as HTML
Rendered pages/contact.html.erb within layouts/application (2.2ms)
Completed 200 OK in 6ms (Views: 6.0ms | ActiveRecord: 0.0ms)


Started GET "/pages/contact" for 127.0.0.1 at Wed Aug 25 21:54:22 +0100 2010
  Processing by PagesController#contact as HTML
Rendered pages/contact.html.erb within layouts/application (2.5ms)
Completed 200 OK in 7ms (Views: 6.3ms | ActiveRecord: 0.0ms)


Started GET "/pages/contact" for 127.0.0.1 at Wed Aug 25 21:54:23 +0100 2010
  Processing by PagesController#contact as HTML
Rendered pages/contact.html.erb within layouts/application (2.3ms)
Completed 200 OK in 6ms (Views: 5.9ms | ActiveRecord: 0.0ms)


Started GET "/pages/contact" for 127.0.0.1 at Wed Aug 25 21:56:00 +0100 2010
  Processing by PagesController#contact as HTML
Rendered pages/contact.html.erb within layouts/application (2.5ms)
Completed 200 OK in 7ms (Views: 6.1ms | ActiveRecord: 0.0ms)


Started GET "/pages/contact" for 127.0.0.1 at Wed Aug 25 21:56:01 +0100 2010
  Processing by PagesController#contact as HTML
Rendered pages/contact.html.erb within layouts/application (2.3ms)
Completed 200 OK in 6ms (Views: 6.0ms | ActiveRecord: 0.0ms)


Started GET "/pages/contact" for 127.0.0.1 at Wed Aug 25 22:00:05 +0100 2010
  Processing by PagesController#contact as HTML
Rendered pages/contact.html.erb within layouts/application (2.3ms)
Completed 200 OK in 6ms (Views: 6.1ms | ActiveRecord: 0.0ms)


Started GET "/pages/contact" for 127.0.0.1 at Wed Aug 25 22:01:18 +0100 2010
  Processing by PagesController#contact as HTML
Rendered pages/contact.html.erb within layouts/application (2.4ms)
Completed 200 OK in 7ms (Views: 6.4ms | ActiveRecord: 0.0ms)


Started GET "/pages/contact" for 127.0.0.1 at Wed Aug 25 22:01:39 +0100 2010
  Processing by PagesController#contact as HTML
Rendered pages/contact.html.erb within layouts/application (2.8ms)
Completed 200 OK in 7ms (Views: 6.6ms | ActiveRecord: 0.0ms)


Started GET "/pages/contact" for 127.0.0.1 at Wed Aug 25 22:03:35 +0100 2010
  Processing by PagesController#contact as HTML
Rendered pages/contact.html.erb within layouts/application (2.5ms)
Completed 200 OK in 7ms (Views: 6.4ms | ActiveRecord: 0.0ms)


Started GET "/pages/index" for 127.0.0.1 at Wed Aug 25 22:03:36 +0100 2010
  Processing by PagesController#index as HTML
Rendered pages/index.html.erb within layouts/application (2.3ms)
Completed 200 OK in 6ms (Views: 5.8ms | ActiveRecord: 0.0ms)


Started GET "/pages/index" for 127.0.0.1 at Wed Aug 25 22:03:38 +0100 2010
  Processing by PagesController#index as HTML
Rendered pages/index.html.erb within layouts/application (2.3ms)
Completed 200 OK in 6ms (Views: 5.7ms | ActiveRecord: 0.0ms)


Started GET "/pages/index" for 127.0.0.1 at Wed Aug 25 22:03:44 +0100 2010
  Processing by PagesController#index as HTML
Rendered pages/index.html.erb within layouts/application (2.3ms)
Completed 200 OK in 6ms (Views: 5.9ms | ActiveRecord: 0.0ms)


Started GET "/pages/index" for 127.0.0.1 at Wed Aug 25 22:04:27 +0100 2010
  Processing by PagesController#index as HTML
Rendered pages/index.html.erb within layouts/application (2.3ms)
Completed 200 OK in 6ms (Views: 5.9ms | ActiveRecord: 0.0ms)


Started GET "/pages/gallery" for 127.0.0.1 at Wed Aug 25 22:04:28 +0100 2010
  Processing by PagesController#gallery as HTML
Rendered pages/gallery.html.erb within layouts/application (2.4ms)
Completed 200 OK in 7ms (Views: 6.0ms | ActiveRecord: 0.0ms)


Started GET "/pages/news" for 127.0.0.1 at Wed Aug 25 22:04:29 +0100 2010
  Processing by PagesController#news as HTML
Rendered pages/news.html.erb within layouts/application (2.4ms)
Completed 200 OK in 6ms (Views: 5.9ms | ActiveRecord: 0.0ms)


Started GET "/pages/contact" for 127.0.0.1 at Wed Aug 25 22:04:30 +0100 2010
  Processing by PagesController#contact as HTML
Rendered pages/contact.html.erb within layouts/application (2.4ms)
Completed 200 OK in 7ms (Views: 6.2ms | ActiveRecord: 0.0ms)


Started GET "/pages/contact" for 127.0.0.1 at Wed Aug 25 22:05:20 +0100 2010
  Processing by PagesController#contact as HTML
Rendered pages/contact.html.erb within layouts/application (2.4ms)
Completed 200 OK in 6ms (Views: 5.9ms | ActiveRecord: 0.0ms)


Started GET "/pages/contact" for 127.0.0.1 at Wed Aug 25 22:05:58 +0100 2010
  Processing by PagesController#contact as HTML
Rendered pages/contact.html.erb within layouts/application (2.4ms)
Completed 200 OK in 7ms (Views: 6.6ms | ActiveRecord: 0.0ms)


Started GET "/pages/contact" for 127.0.0.1 at Wed Aug 25 22:06:01 +0100 2010
  Processing by PagesController#contact as HTML
Rendered pages/contact.html.erb within layouts/application (2.3ms)
Completed 200 OK in 7ms (Views: 6.2ms | ActiveRecord: 0.0ms)


Started GET "/pages/contact" for 127.0.0.1 at Wed Aug 25 22:06:52 +0100 2010
  Processing by PagesController#contact as HTML
Rendered pages/contact.html.erb within layouts/application (2.5ms)
Completed 200 OK in 8ms (Views: 7.3ms | ActiveRecord: 0.0ms)


Started GET "/pages/news" for 127.0.0.1 at Wed Aug 25 22:06:54 +0100 2010
  Processing by PagesController#news as HTML
Rendered pages/news.html.erb within layouts/application (2.3ms)
Completed 200 OK in 6ms (Views: 6.0ms | ActiveRecord: 0.0ms)


Started GET "/pages/gallery" for 127.0.0.1 at Wed Aug 25 22:06:55 +0100 2010
  Processing by PagesController#gallery as HTML
Rendered pages/gallery.html.erb within layouts/application (2.3ms)
Completed 200 OK in 6ms (Views: 5.8ms | ActiveRecord: 0.0ms)


Started GET "/pages/index" for 127.0.0.1 at Wed Aug 25 22:06:56 +0100 2010
  Processing by PagesController#index as HTML
Rendered pages/index.html.erb within layouts/application (2.4ms)
Completed 200 OK in 10ms (Views: 8.7ms | ActiveRecord: 0.0ms)


Started GET "/pages/index" for 127.0.0.1 at Wed Aug 25 22:07:28 +0100 2010
  Processing by PagesController#index as HTML
Rendered pages/index.html.erb within layouts/application (2.3ms)
Completed 200 OK in 7ms (Views: 6.1ms | ActiveRecord: 0.0ms)


Started GET "/pages/gallery" for 127.0.0.1 at Wed Aug 25 22:07:30 +0100 2010
  Processing by PagesController#gallery as HTML
Rendered pages/gallery.html.erb within layouts/application (2.3ms)
Completed 200 OK in 7ms (Views: 6.3ms | ActiveRecord: 0.0ms)


Started GET "/pages/gallery" for 127.0.0.1 at Wed Aug 25 22:07:41 +0100 2010
  Processing by PagesController#gallery as HTML
Rendered pages/gallery.html.erb within layouts/application (2.3ms)
Completed 200 OK in 6ms (Views: 5.8ms | ActiveRecord: 0.0ms)


Started GET "/pages/gallery" for 127.0.0.1 at Wed Aug 25 22:07:51 +0100 2010
  Processing by PagesController#gallery as HTML
Rendered pages/gallery.html.erb within layouts/application (2.3ms)
Completed 200 OK in 6ms (Views: 6.1ms | ActiveRecord: 0.0ms)


Started GET "/pages/gallery" for 127.0.0.1 at Wed Aug 25 22:08:32 +0100 2010
  Processing by PagesController#gallery as HTML
Rendered pages/gallery.html.erb within layouts/application (2.3ms)
Completed 200 OK in 6ms (Views: 6.0ms | ActiveRecord: 0.0ms)


Started GET "/pages/gallery" for 127.0.0.1 at Wed Aug 25 22:08:49 +0100 2010
  Processing by PagesController#gallery as HTML
Rendered pages/gallery.html.erb within layouts/application (2.3ms)
Completed 200 OK in 6ms (Views: 5.9ms | ActiveRecord: 0.0ms)


Started GET "/pages/gallery" for 127.0.0.1 at Wed Aug 25 22:08:52 +0100 2010
  Processing by PagesController#gallery as HTML
Rendered pages/gallery.html.erb within layouts/application (2.3ms)
Completed 200 OK in 7ms (Views: 6.1ms | ActiveRecord: 0.0ms)
